<?xml version="1.0" encoding="UTF-8"?>
<testng-results skipped="0" failed="0" total="1" passed="1">
  <reporter-output>
  </reporter-output>
  <suite name="Default suite" duration-ms="1322" started-at="2018-08-27T09:05:50Z" finished-at="2018-08-27T09:05:51Z">
    <groups>
      <group name="cucumber">
        <method signature="RunCukesTest.feature(cucumber.api.testng.CucumberFeatureWrapper)[pri:0, instance:driverScript.RunCukesTest@72b6cbcc]" name="feature" class="driverScript.RunCukesTest"/>
      </group> <!-- cucumber -->
    </groups>
    <test name="Default test" duration-ms="1322" started-at="2018-08-27T09:05:50Z" finished-at="2018-08-27T09:05:51Z">
      <class name="driverScript.RunCukesTest">
        <test-method status="PASS" signature="setUpClass()[pri:0, instance:driverScript.RunCukesTest@72b6cbcc]" name="setUpClass" is-config="true" duration-ms="307" started-at="2018-08-27T14:35:50Z" finished-at="2018-08-27T14:35:50Z">
          <reporter-output>
          </reporter-output>
        </test-method> <!-- setUpClass -->
        <test-method status="PASS" signature="feature(cucumber.api.testng.CucumberFeatureWrapper)[pri:0, instance:driverScript.RunCukesTest@72b6cbcc]" name="feature" duration-ms="617" started-at="2018-08-27T14:35:50Z" description="Runs Cucumber Feature" data-provider="features" finished-at="2018-08-27T14:35:51Z">
          <params>
            <param index="0">
              <value>
                <![CDATA[Submit Payment]]>
              </value>
            </param>
          </params>
          <reporter-output>
          </reporter-output>
        </test-method> <!-- feature -->
        <test-method status="FAIL" signature="logReport()[pri:0, instance:driverScript.RunCukesTest@72b6cbcc]" name="logReport" is-config="true" duration-ms="0" started-at="2018-08-27T14:35:51Z" finished-at="2018-08-27T14:35:51Z">
          <exception class="java.io.FileNotFoundException">
            <message>
              <![CDATA[\target\Reports\Screenshot.zip (The system cannot find the path specified)]]>
            </message>
            <full-stacktrace>
              <![CDATA[java.io.FileNotFoundException: \target\Reports\Screenshot.zip (The system cannot find the path specified)
	at java.io.FileOutputStream.open0(Native Method)
	at java.io.FileOutputStream.open(Unknown Source)
	at java.io.FileOutputStream.<init>(Unknown Source)
	at java.io.FileOutputStream.<init>(Unknown Source)
	at driverScript.RunCukesTest.zipFolder(RunCukesTest.java:77)
	at driverScript.RunCukesTest.logReport(RunCukesTest.java:126)
	at sun.reflect.NativeMethodAccessorImpl.invoke0(Native Method)
	at sun.reflect.NativeMethodAccessorImpl.invoke(Unknown Source)
	at sun.reflect.DelegatingMethodAccessorImpl.invoke(Unknown Source)
	at java.lang.reflect.Method.invoke(Unknown Source)
	at org.testng.internal.MethodInvocationHelper.invokeMethod(MethodInvocationHelper.java:85)
	at org.testng.internal.Invoker.invokeConfigurationMethod(Invoker.java:510)
	at org.testng.internal.Invoker.invokeConfigurations(Invoker.java:211)
	at org.testng.internal.Invoker.invokeConfigurations(Invoker.java:138)
	at org.testng.internal.TestMethodWorker.invokeAfterClassMethods(TestMethodWorker.java:220)
	at org.testng.internal.TestMethodWorker.run(TestMethodWorker.java:111)
	at org.testng.TestRunner.privateRun(TestRunner.java:774)
	at org.testng.TestRunner.run(TestRunner.java:624)
	at org.testng.SuiteRunner.runTest(SuiteRunner.java:359)
	at org.testng.SuiteRunner.runSequentially(SuiteRunner.java:354)
	at org.testng.SuiteRunner.privateRun(SuiteRunner.java:312)
	at org.testng.SuiteRunner.run(SuiteRunner.java:261)
	at org.testng.SuiteRunnerWorker.runSuite(SuiteRunnerWorker.java:52)
	at org.testng.SuiteRunnerWorker.run(SuiteRunnerWorker.java:86)
	at org.testng.TestNG.runSuitesSequentially(TestNG.java:1191)
	at org.testng.TestNG.runSuitesLocally(TestNG.java:1116)
	at org.testng.TestNG.run(TestNG.java:1024)
	at org.testng.remote.AbstractRemoteTestNG.run(AbstractRemoteTestNG.java:114)
	at org.testng.remote.RemoteTestNG.initAndRun(RemoteTestNG.java:251)
	at org.testng.remote.RemoteTestNG.main(RemoteTestNG.java:77)
]]>
            </full-stacktrace>
          </exception> <!-- java.io.FileNotFoundException -->
          <reporter-output>
          </reporter-output>
        </test-method> <!-- logReport -->
      </class> <!-- driverScript.RunCukesTest -->
    </test> <!-- Default test -->
  </suite> <!-- Default suite -->
</testng-results>
